EM result: target_g=8.87  N0=128  weights=[0.00000000e+000 0.00000000e+000 8.89318163e-323 0.00000000e+000
 2.90644509e-277 3.99193476e-121 9.95200229e-001 3.25516983e-101
 6.85415679e-294 0.00000000e+000]
Loading target (data/venus_sac_replay_seed100.hdf5, N0=128)...
  target_train: 128

Loading 10 sources at g=[1, 2, 3, 4, 5, 6, 7, 8, 9, 10]...
  g=1: 1,000,000
  g=2: 1,000,000
  g=3: 1,000,000
  g=4: 1,000,000
  g=5: 1,000,000
  g=6: 1,000,000
  g=7: 1,000,000
  g=8: 1,000,000
  g=9: 1,000,000
  g=10: 1,000,000

Sampling probabilities (target + 10 sources):
  p_target = 0.0001  (N_0=128)
  p_g=1 = 0.0000  (w=0.0000, N=1,000,000)
  p_g=2 = 0.0000  (w=0.0000, N=1,000,000)
  p_g=3 = 0.0000  (w=0.0000, N=1,000,000)
  p_g=4 = 0.0000  (w=0.0000, N=1,000,000)
  p_g=5 = 0.0000  (w=0.0000, N=1,000,000)
  p_g=6 = 0.0000  (w=0.0000, N=1,000,000)
  p_g=7 = 0.9999  (w=0.9952, N=1,000,000)
  p_g=8 = 0.0000  (w=0.0000, N=1,000,000)
  p_g=9 = 0.0000  (w=0.0000, N=1,000,000)
  p_g=10 = 0.0000  (w=0.0000, N=1,000,000)

IQL training: 200,000 steps, batch=256, in-training eval g=8.87
[step  20,000/200,000]  v_loss=1.398  q_loss=7.614  pi_loss=1.003  eval@g=8.87=816.9±170.2  (1.9min)
[step  40,000/200,000]  v_loss=1.231  q_loss=8.451  pi_loss=-3.289  eval@g=8.87=1007.0±529.8  (4.0min)
[step  60,000/200,000]  v_loss=4.452  q_loss=10.363  pi_loss=-2.581  eval@g=8.87=1107.3±592.8  (6.0min)
[step  80,000/200,000]  v_loss=3.553  q_loss=28.549  pi_loss=-7.617  eval@g=8.87=1360.9±533.8  (8.0min)
[step 100,000/200,000]  v_loss=2.535  q_loss=6.216  pi_loss=-4.841  eval@g=8.87=1262.3±739.1  (10.0min)
[step 120,000/200,000]  v_loss=2.417  q_loss=15.159  pi_loss=-20.931  eval@g=8.87=1701.9±1093.1  (12.0min)
[step 140,000/200,000]  v_loss=1.352  q_loss=5.642  pi_loss=-10.544  eval@g=8.87=2020.3±1177.1  (14.0min)
[step 160,000/200,000]  v_loss=1.173  q_loss=7.049  pi_loss=-9.563  eval@g=8.87=1168.0±637.3  (16.0min)
[step 180,000/200,000]  v_loss=1.544  q_loss=3.882  pi_loss=-6.407  eval@g=8.87=1397.0±908.7  (18.0min)
[step 200,000/200,000]  v_loss=0.720  q_loss=3.347  pi_loss=-1.483  eval@g=8.87=1216.3±741.0  (20.0min)

Saved -> results/iql_v3_e1k_constLR/venus_correct_v2_N128.pt

Final multi-gravity eval at g in [8.87]...
  g=8.87: 1627.2 +/- 979.8
Saved -> results\iql_v3_e1k_constLR\venus_correct_v2_N128.json
