EM result: target_g=8.87  N0=256  weights=[0.01135814 0.01283611 0.01072094 0.0124416  0.01031533 0.00045878
 0.01197406 0.01133416 0.01046198 0.01217572]
Loading target (data/venus_sac_replay_seed100.hdf5, N0=256)...
  target_train: 256

Loading 10 sources at g=[1, 2, 3, 4, 5, 6, 7, 8, 9, 10]...
  g=1: 1,000,000
  g=2: 1,000,000
  g=3: 1,000,000
  g=4: 1,000,000
  g=5: 1,000,000
  g=6: 1,000,000
  g=7: 1,000,000
  g=8: 1,000,000
  g=9: 1,000,000
  g=10: 1,000,000

Sampling probabilities (target + 10 sources):
  p_target = 0.0025  (N_0=256)
  p_g=1 = 0.1089  (w=0.0114, N=1,000,000)
  p_g=2 = 0.1230  (w=0.0128, N=1,000,000)
  p_g=3 = 0.1028  (w=0.0107, N=1,000,000)
  p_g=4 = 0.1192  (w=0.0124, N=1,000,000)
  p_g=5 = 0.0989  (w=0.0103, N=1,000,000)
  p_g=6 = 0.0044  (w=0.0005, N=1,000,000)
  p_g=7 = 0.1148  (w=0.0120, N=1,000,000)
  p_g=8 = 0.1086  (w=0.0113, N=1,000,000)
  p_g=9 = 0.1003  (w=0.0105, N=1,000,000)
  p_g=10 = 0.1167  (w=0.0122, N=1,000,000)

IQL training: 200,000 steps, batch=256, in-training eval g=8.87
[step  20,000/200,000]  v_loss=1.410  q_loss=85.768  pi_loss=6.908  eval@g=8.87=721.6±156.1  (2.1min)
[step  40,000/200,000]  v_loss=6.330  q_loss=24.039  pi_loss=4.619  eval@g=8.87=855.3±270.5  (4.0min)
[step  60,000/200,000]  v_loss=2.164  q_loss=14.580  pi_loss=4.663  eval@g=8.87=761.4±319.1  (6.2min)
[step  80,000/200,000]  v_loss=2.081  q_loss=19.353  pi_loss=3.644  eval@g=8.87=1242.0±428.3  (8.3min)
[step 100,000/200,000]  v_loss=4.497  q_loss=22.432  pi_loss=-1.518  eval@g=8.87=1494.5±810.3  (10.5min)
[step 120,000/200,000]  v_loss=2.782  q_loss=13.850  pi_loss=-2.018  eval@g=8.87=1489.9±535.0  (12.6min)
[step 140,000/200,000]  v_loss=3.805  q_loss=19.956  pi_loss=-3.415  eval@g=8.87=1378.5±553.5  (14.8min)
[step 160,000/200,000]  v_loss=2.641  q_loss=21.730  pi_loss=15.230  eval@g=8.87=1419.3±592.4  (16.9min)
[step 180,000/200,000]  v_loss=3.055  q_loss=47.360  pi_loss=-7.024  eval@g=8.87=1372.8±468.0  (19.0min)
[step 200,000/200,000]  v_loss=2.623  q_loss=14.285  pi_loss=-8.658  eval@g=8.87=1841.9±835.7  (21.1min)

Saved -> results/iql_v3_e1k_constLR/venus_uniform_N256.pt

Final multi-gravity eval at g in [8.87]...
  g=8.87: 1577.8 +/- 714.8
Saved -> results\iql_v3_e1k_constLR\venus_uniform_N256.json
