EM result: target_g=8.87  N0=1024  weights=[8.37545811e-275 4.60741577e-285 8.06333004e-216 4.66038105e-237
 0.00000000e+000 3.51067872e-162 9.04557558e-166 6.81291803e-046
 9.99676504e-001 4.04074743e-069]
Loading target (data/venus_sac_replay_seed100.hdf5, N0=1024)...
  target_train: 1,024

Loading 10 sources at g=[1, 2, 3, 4, 5, 6, 7, 8, 9, 10]...
  g=1: 1,000,000
  g=2: 1,000,000
  g=3: 1,000,000
  g=4: 1,000,000
  g=5: 1,000,000
  g=6: 1,000,000
  g=7: 1,000,000
  g=8: 1,000,000
  g=9: 1,000,000
  g=10: 1,000,000

Sampling probabilities (target + 10 sources):
  p_target = 0.0010  (N_0=1024)
  p_g=1 = 0.0000  (w=0.0000, N=1,000,000)
  p_g=2 = 0.0000  (w=0.0000, N=1,000,000)
  p_g=3 = 0.0000  (w=0.0000, N=1,000,000)
  p_g=4 = 0.0000  (w=0.0000, N=1,000,000)
  p_g=5 = 0.0000  (w=0.0000, N=1,000,000)
  p_g=6 = 0.0000  (w=0.0000, N=1,000,000)
  p_g=7 = 0.0000  (w=0.0000, N=1,000,000)
  p_g=8 = 0.0000  (w=0.0000, N=1,000,000)
  p_g=9 = 0.9990  (w=0.9997, N=1,000,000)
  p_g=10 = 0.0000  (w=0.0000, N=1,000,000)

IQL training: 200,000 steps, batch=256, in-training eval g=8.87
[step  20,000/200,000]  v_loss=0.585  q_loss=5.094  pi_loss=-0.541  eval@g=8.87=1257.0±566.5  (2.0min)
[step  40,000/200,000]  v_loss=3.044  q_loss=11.132  pi_loss=-2.819  eval@g=8.87=2247.7±936.3  (4.1min)
[step  60,000/200,000]  v_loss=2.111  q_loss=14.491  pi_loss=-4.895  eval@g=8.87=2623.4±882.4  (6.0min)
[step  80,000/200,000]  v_loss=3.236  q_loss=18.373  pi_loss=-2.513  eval@g=8.87=2310.0±725.7  (7.9min)
[step 100,000/200,000]  v_loss=12.571  q_loss=12.025  pi_loss=-13.234  eval@g=8.87=2661.8±645.4  (10.2min)
[step 120,000/200,000]  v_loss=1.424  q_loss=10.603  pi_loss=1.816  eval@g=8.87=2262.0±830.1  (12.5min)
[step 140,000/200,000]  v_loss=3.224  q_loss=11.685  pi_loss=-2.091  eval@g=8.87=2932.0±561.2  (14.8min)
[step 160,000/200,000]  v_loss=2.383  q_loss=7.733  pi_loss=-9.575  eval@g=8.87=2477.9±855.2  (17.1min)
[step 180,000/200,000]  v_loss=1.872  q_loss=3.826  pi_loss=-9.863  eval@g=8.87=2502.0±891.1  (19.3min)
[step 200,000/200,000]  v_loss=7.152  q_loss=5.582  pi_loss=-4.970  eval@g=8.87=2531.3±794.7  (21.6min)

Saved -> results/iql_v3_e1k_constLR/venus_uniform_N1024.pt

Final multi-gravity eval at g in [8.87]...
  g=8.87: 2604.2 +/- 783.0
Saved -> results\iql_v3_e1k_constLR\venus_uniform_N1024.json
