EM result: target_g=8.87  N0=4096  weights=[2.35228281e-221 1.42171961e-259 9.90905370e-192 2.07330662e-198
 0.00000000e+000 4.05155297e-138 3.21679838e-149 3.52081321e-052
 9.99999412e-001 3.24677806e-074]
Loading target (data/venus_sac_replay_seed100.hdf5, N0=4096)...
  target_train: 4,096

Loading 10 sources at g=[1, 2, 3, 4, 5, 6, 7, 8, 9, 10]...
  g=1: 1,000,000
  g=2: 1,000,000
  g=3: 1,000,000
  g=4: 1,000,000
  g=5: 1,000,000
  g=6: 1,000,000
  g=7: 1,000,000
  g=8: 1,000,000
  g=9: 1,000,000
  g=10: 1,000,000

Sampling probabilities (target + 10 sources):
  p_target = 0.0041  (N_0=4096)
  p_g=1 = 0.0000  (w=0.0000, N=1,000,000)
  p_g=2 = 0.0000  (w=0.0000, N=1,000,000)
  p_g=3 = 0.0000  (w=0.0000, N=1,000,000)
  p_g=4 = 0.0000  (w=0.0000, N=1,000,000)
  p_g=5 = 0.0000  (w=0.0000, N=1,000,000)
  p_g=6 = 0.0000  (w=0.0000, N=1,000,000)
  p_g=7 = 0.0000  (w=0.0000, N=1,000,000)
  p_g=8 = 0.0000  (w=0.0000, N=1,000,000)
  p_g=9 = 0.9959  (w=1.0000, N=1,000,000)
  p_g=10 = 0.0000  (w=0.0000, N=1,000,000)

IQL training: 200,000 steps, batch=256, in-training eval g=8.87
[step  20,000/200,000]  v_loss=0.416  q_loss=5.999  pi_loss=-0.234  eval@g=8.87=1309.0±864.7  (2.2min)
[step  40,000/200,000]  v_loss=1.618  q_loss=6.671  pi_loss=-4.077  eval@g=8.87=1363.2±586.8  (4.4min)
[step  60,000/200,000]  v_loss=1.891  q_loss=5.126  pi_loss=-1.067  eval@g=8.87=1618.5±628.2  (6.6min)
[step  80,000/200,000]  v_loss=2.204  q_loss=6.531  pi_loss=0.078  eval@g=8.87=1586.8±555.1  (8.8min)
[step 100,000/200,000]  v_loss=1.896  q_loss=5.311  pi_loss=-12.156  eval@g=8.87=1995.2±721.7  (11.1min)
[step 120,000/200,000]  v_loss=3.967  q_loss=9.854  pi_loss=-11.106  eval@g=8.87=2104.1±897.2  (13.3min)
[step 140,000/200,000]  v_loss=13.326  q_loss=6.809  pi_loss=-12.770  eval@g=8.87=2808.0±704.8  (15.7min)
[step 160,000/200,000]  v_loss=4.205  q_loss=8.460  pi_loss=-8.525  eval@g=8.87=2255.4±890.4  (17.9min)
[step 180,000/200,000]  v_loss=7.471  q_loss=8.681  pi_loss=-13.184  eval@g=8.87=2398.9±912.1  (20.2min)
[step 200,000/200,000]  v_loss=2.256  q_loss=9.478  pi_loss=-8.172  eval@g=8.87=1977.1±918.7  (22.4min)

Saved -> results/iql_v3_e1k_constLR/venus_correct_N4096.pt

Final multi-gravity eval at g in [8.87]...
  g=8.87: 2328.9 +/- 866.2
Saved -> results\iql_v3_e1k_constLR\venus_correct_N4096.json
