EM result: target_g=8.87  N0=4096  weights=[1.65530071e-221 6.67147733e-258 1.45983493e-187 1.61659945e-196
 0.00000000e+000 1.07276085e-143 7.29809803e-140 3.64739369e-041
 9.99997916e-001 3.93078851e-065]
Loading target (data/venus_sac_replay_seed100.hdf5, N0=4096)...
  target_train: 4,096

Loading 10 sources at g=[1, 2, 3, 4, 5, 6, 7, 8, 9, 10]...
  g=1: 1,000,000
  g=2: 1,000,000
  g=3: 1,000,000
  g=4: 1,000,000
  g=5: 1,000,000
  g=6: 1,000,000
  g=7: 1,000,000
  g=8: 1,000,000
  g=9: 1,000,000
  g=10: 1,000,000

Sampling probabilities (target + 10 sources):
  p_target = 0.0041  (N_0=4096)
  p_g=1 = 0.0000  (w=0.0000, N=1,000,000)
  p_g=2 = 0.0000  (w=0.0000, N=1,000,000)
  p_g=3 = 0.0000  (w=0.0000, N=1,000,000)
  p_g=4 = 0.0000  (w=0.0000, N=1,000,000)
  p_g=5 = 0.0000  (w=0.0000, N=1,000,000)
  p_g=6 = 0.0000  (w=0.0000, N=1,000,000)
  p_g=7 = 0.0000  (w=0.0000, N=1,000,000)
  p_g=8 = 0.0000  (w=0.0000, N=1,000,000)
  p_g=9 = 0.9959  (w=1.0000, N=1,000,000)
  p_g=10 = 0.0000  (w=0.0000, N=1,000,000)

IQL training: 200,000 steps, batch=256, in-training eval g=8.87
[step  20,000/200,000]  v_loss=0.416  q_loss=5.999  pi_loss=-0.234  eval@g=8.87=1309.0±864.7  (2.2min)
[step  40,000/200,000]  v_loss=1.618  q_loss=6.671  pi_loss=-4.077  eval@g=8.87=1363.2±586.8  (4.3min)
[step  60,000/200,000]  v_loss=1.891  q_loss=5.126  pi_loss=-1.067  eval@g=8.87=1618.5±628.2  (6.5min)
[step  80,000/200,000]  v_loss=2.204  q_loss=6.531  pi_loss=0.078  eval@g=8.87=1586.8±555.1  (8.7min)
[step 100,000/200,000]  v_loss=1.896  q_loss=5.311  pi_loss=-12.156  eval@g=8.87=1995.2±721.7  (10.9min)
[step 120,000/200,000]  v_loss=3.967  q_loss=9.854  pi_loss=-11.106  eval@g=8.87=2104.1±897.2  (13.1min)
[step 140,000/200,000]  v_loss=13.326  q_loss=6.809  pi_loss=-12.770  eval@g=8.87=2808.0±704.8  (15.4min)
[step 160,000/200,000]  v_loss=4.205  q_loss=8.460  pi_loss=-8.525  eval@g=8.87=2255.4±890.4  (17.3min)
[step 180,000/200,000]  v_loss=7.470  q_loss=8.682  pi_loss=-13.181  eval@g=8.87=2200.3±894.6  (19.2min)
[step 200,000/200,000]  v_loss=4.008  q_loss=12.327  pi_loss=-7.585  eval@g=8.87=2417.5±815.6  (21.1min)

Saved -> results/iql_v3_e1k_constLR/venus_correct_v2_N4096.pt

Final multi-gravity eval at g in [8.87]...
  g=8.87: 2443.3 +/- 882.7
Saved -> results\iql_v3_e1k_constLR\venus_correct_v2_N4096.json
