EM result: target_g=8.87  N0=512  weights=[0.00000000e+000 0.00000000e+000 1.42196280e-286 0.00000000e+000
 0.00000000e+000 2.03703948e-205 6.42762127e-192 4.29052437e-055
 9.97249667e-001 5.07592784e-077]
Loading target (data/venus_sac_replay_seed100.hdf5, N0=512)...
  target_train: 512

Loading 10 sources at g=[1, 2, 3, 4, 5, 6, 7, 8, 9, 10]...
  g=1: 1,000,000
  g=2: 1,000,000
  g=3: 1,000,000
  g=4: 1,000,000
  g=5: 1,000,000
  g=6: 1,000,000
  g=7: 1,000,000
  g=8: 1,000,000
  g=9: 1,000,000
  g=10: 1,000,000

Sampling probabilities (target + 10 sources):
  p_target = 0.0005  (N_0=512)
  p_g=1 = 0.0000  (w=0.0000, N=1,000,000)
  p_g=2 = 0.0000  (w=0.0000, N=1,000,000)
  p_g=3 = 0.0000  (w=0.0000, N=1,000,000)
  p_g=4 = 0.0000  (w=0.0000, N=1,000,000)
  p_g=5 = 0.0000  (w=0.0000, N=1,000,000)
  p_g=6 = 0.0000  (w=0.0000, N=1,000,000)
  p_g=7 = 0.0000  (w=0.0000, N=1,000,000)
  p_g=8 = 0.0000  (w=0.0000, N=1,000,000)
  p_g=9 = 0.9995  (w=0.9972, N=1,000,000)
  p_g=10 = 0.0000  (w=0.0000, N=1,000,000)

IQL training: 200,000 steps, batch=256, in-training eval g=8.87
[step  20,000/200,000]  v_loss=0.547  q_loss=6.062  pi_loss=-2.302  eval@g=8.87=1309.5±810.7  (2.1min)
[step  40,000/200,000]  v_loss=2.932  q_loss=14.554  pi_loss=1.012  eval@g=8.87=1440.1±570.9  (4.3min)
[step  60,000/200,000]  v_loss=2.266  q_loss=10.506  pi_loss=-4.314  eval@g=8.87=1488.6±468.3  (6.4min)
[step  80,000/200,000]  v_loss=5.652  q_loss=8.262  pi_loss=-5.833  eval@g=8.87=2830.2±761.3  (8.7min)
[step 100,000/200,000]  v_loss=3.968  q_loss=21.369  pi_loss=-8.147  eval@g=8.87=2240.5±773.1  (10.9min)
[step 120,000/200,000]  v_loss=2.119  q_loss=10.844  pi_loss=0.526  eval@g=8.87=2051.8±907.7  (13.1min)
[step 140,000/200,000]  v_loss=2.250  q_loss=6.380  pi_loss=-17.520  eval@g=8.87=2728.1±777.3  (15.3min)
[step 160,000/200,000]  v_loss=2.477  q_loss=6.605  pi_loss=-7.166  eval@g=8.87=2588.5±689.9  (17.4min)
[step 180,000/200,000]  v_loss=0.928  q_loss=5.809  pi_loss=-3.512  eval@g=8.87=2774.4±648.1  (19.3min)
[step 200,000/200,000]  v_loss=4.593  q_loss=11.893  pi_loss=-15.279  eval@g=8.87=2433.0±827.7  (21.4min)

Saved -> results/iql_v3_e1k_constLR/venus_uniform_N512.pt

Final multi-gravity eval at g in [8.87]...
  g=8.87: 2491.4 +/- 803.4
Saved -> results\iql_v3_e1k_constLR\venus_uniform_N512.json
