EM result: target_g=8.87  N0=4096  weights=[1. 1. 1. 1. 1. 1. 1. 1. 1. 1.]
Loading target (data/venus_sac_replay_seed100.hdf5, N0=4096)...
  target_train: 4,096

Loading 10 sources at g=[1, 2, 3, 4, 5, 6, 7, 8, 9, 10]...
  g=1: 1,000,000
  g=2: 1,000,000
  g=3: 1,000,000
  g=4: 1,000,000
  g=5: 1,000,000
  g=6: 1,000,000
  g=7: 1,000,000
  g=8: 1,000,000
  g=9: 1,000,000
  g=10: 1,000,000

Sampling probabilities (target + 10 sources):
  p_target = 0.0004  (N_0=4096)
  p_g=1 = 0.1000  (w=1.0000, N=1,000,000)
  p_g=2 = 0.1000  (w=1.0000, N=1,000,000)
  p_g=3 = 0.1000  (w=1.0000, N=1,000,000)
  p_g=4 = 0.1000  (w=1.0000, N=1,000,000)
  p_g=5 = 0.1000  (w=1.0000, N=1,000,000)
  p_g=6 = 0.1000  (w=1.0000, N=1,000,000)
  p_g=7 = 0.1000  (w=1.0000, N=1,000,000)
  p_g=8 = 0.1000  (w=1.0000, N=1,000,000)
  p_g=9 = 0.1000  (w=1.0000, N=1,000,000)
  p_g=10 = 0.1000  (w=1.0000, N=1,000,000)

IQL training: 200,000 steps, batch=256, in-training eval g=8.87
[step  20,000/200,000]  v_loss=1.090  q_loss=11.290  pi_loss=4.616  eval@g=8.87=594.3±251.5  (2.1min)
[step  40,000/200,000]  v_loss=2.917  q_loss=18.238  pi_loss=2.748  eval@g=8.87=720.6±167.2  (4.2min)
[step  60,000/200,000]  v_loss=3.211  q_loss=18.215  pi_loss=-0.956  eval@g=8.87=912.4±375.4  (6.4min)
[step  80,000/200,000]  v_loss=6.180  q_loss=39.073  pi_loss=4.486  eval@g=8.87=1319.7±584.6  (8.5min)
[step 100,000/200,000]  v_loss=3.715  q_loss=15.840  pi_loss=3.523  eval@g=8.87=1204.2±406.2  (10.7min)
[step 120,000/200,000]  v_loss=3.070  q_loss=15.147  pi_loss=0.237  eval@g=8.87=1715.4±706.8  (12.8min)
[step 140,000/200,000]  v_loss=1.767  q_loss=17.478  pi_loss=-28.369  eval@g=8.87=1634.1±710.1  (15.0min)
[step 160,000/200,000]  v_loss=4.227  q_loss=14.344  pi_loss=-1.924  eval@g=8.87=1266.6±547.2  (17.0min)
[step 180,000/200,000]  v_loss=3.624  q_loss=12.695  pi_loss=7.824  eval@g=8.87=1216.1±404.7  (19.0min)
[step 200,000/200,000]  v_loss=3.610  q_loss=24.490  pi_loss=3.306  eval@g=8.87=1285.4±649.4  (21.2min)

Saved -> results/iql_v3_e1k_constLR/venus_pool_N4096.pt

Final multi-gravity eval at g in [8.87]...
  g=8.87: 1388.5 +/- 697.0
Saved -> results\iql_v3_e1k_constLR\venus_pool_N4096.json
