EM result: target_g=8.87  N0=1024  weights=[3.44018370e-230 4.35097199e-248 2.12616459e-189 5.34493063e-206
 0.00000000e+000 5.76665909e-118 3.83983647e-134 5.99435939e-043
 9.99898842e-001 1.25374474e-066]
Loading target (data/venus_sac_replay_seed100.hdf5, N0=1024)...
  target_train: 1,024

Loading 10 sources at g=[1, 2, 3, 4, 5, 6, 7, 8, 9, 10]...
  g=1: 1,000,000
  g=2: 1,000,000
  g=3: 1,000,000
  g=4: 1,000,000
  g=5: 1,000,000
  g=6: 1,000,000
  g=7: 1,000,000
  g=8: 1,000,000
  g=9: 1,000,000
  g=10: 1,000,000

Sampling probabilities (target + 10 sources):
  p_target = 0.0010  (N_0=1024)
  p_g=1 = 0.0000  (w=0.0000, N=1,000,000)
  p_g=2 = 0.0000  (w=0.0000, N=1,000,000)
  p_g=3 = 0.0000  (w=0.0000, N=1,000,000)
  p_g=4 = 0.0000  (w=0.0000, N=1,000,000)
  p_g=5 = 0.0000  (w=0.0000, N=1,000,000)
  p_g=6 = 0.0000  (w=0.0000, N=1,000,000)
  p_g=7 = 0.0000  (w=0.0000, N=1,000,000)
  p_g=8 = 0.0000  (w=0.0000, N=1,000,000)
  p_g=9 = 0.9990  (w=0.9999, N=1,000,000)
  p_g=10 = 0.0000  (w=0.0000, N=1,000,000)

IQL training: 200,000 steps, batch=256, in-training eval g=8.87
[step  20,000/200,000]  v_loss=0.585  q_loss=5.094  pi_loss=-0.541  eval@g=8.87=1257.0±566.5  (2.0min)
[step  40,000/200,000]  v_loss=3.044  q_loss=11.132  pi_loss=-2.819  eval@g=8.87=2247.7±936.3  (4.1min)
[step  60,000/200,000]  v_loss=2.130  q_loss=14.118  pi_loss=-4.549  eval@g=8.87=2008.1±991.4  (6.2min)
[step  80,000/200,000]  v_loss=1.617  q_loss=11.612  pi_loss=-3.470  eval@g=8.87=1907.2±664.8  (8.2min)
[step 100,000/200,000]  v_loss=3.189  q_loss=8.692  pi_loss=-10.156  eval@g=8.87=2158.8±935.1  (10.3min)
[step 120,000/200,000]  v_loss=4.418  q_loss=7.438  pi_loss=-5.470  eval@g=8.87=2007.9±876.6  (12.4min)
[step 140,000/200,000]  v_loss=2.307  q_loss=4.665  pi_loss=-4.377  eval@g=8.87=2305.3±945.1  (14.4min)
[step 160,000/200,000]  v_loss=2.852  q_loss=14.917  pi_loss=-21.272  eval@g=8.87=2424.2±905.5  (16.5min)
[step 180,000/200,000]  v_loss=1.027  q_loss=6.001  pi_loss=-4.942  eval@g=8.87=2490.9±775.5  (18.6min)
[step 200,000/200,000]  v_loss=2.117  q_loss=18.310  pi_loss=-13.829  eval@g=8.87=2296.3±665.2  (20.7min)

Saved -> results/iql_v3_e1k_constLR/venus_correct_N1024.pt

Final multi-gravity eval at g in [8.87]...
  g=8.87: 2598.6 +/- 812.8
Saved -> results\iql_v3_e1k_constLR\venus_correct_N1024.json
