EM result: target_g=8.87  N0=2048  weights=[0. 0. 0. 0. 0. 0. 0. 0. 0. 0.]
Loading target (data/venus_sac_replay_seed100.hdf5, N0=2048)...
  target_train: 2,048

Loading 10 sources at g=[1, 2, 3, 4, 5, 6, 7, 8, 9, 10]...
  g=1: 1,000,000
  g=2: 1,000,000
  g=3: 1,000,000
  g=4: 1,000,000
  g=5: 1,000,000
  g=6: 1,000,000
  g=7: 1,000,000
  g=8: 1,000,000
  g=9: 1,000,000
  g=10: 1,000,000

Sampling probabilities (target + 10 sources):
  p_target = 1.0000  (N_0=2048)
  p_g=1 = 0.0000  (w=0.0000, N=1,000,000)
  p_g=2 = 0.0000  (w=0.0000, N=1,000,000)
  p_g=3 = 0.0000  (w=0.0000, N=1,000,000)
  p_g=4 = 0.0000  (w=0.0000, N=1,000,000)
  p_g=5 = 0.0000  (w=0.0000, N=1,000,000)
  p_g=6 = 0.0000  (w=0.0000, N=1,000,000)
  p_g=7 = 0.0000  (w=0.0000, N=1,000,000)
  p_g=8 = 0.0000  (w=0.0000, N=1,000,000)
  p_g=9 = 0.0000  (w=0.0000, N=1,000,000)
  p_g=10 = 0.0000  (w=0.0000, N=1,000,000)

IQL training: 200,000 steps, batch=256, in-training eval g=8.87
[step  20,000/200,000]  v_loss=1.294  q_loss=10.203  pi_loss=-28.046  eval@g=8.87=209.3±171.5  (2.0min)
[step  40,000/200,000]  v_loss=108.981  q_loss=328.364  pi_loss=-130.156  eval@g=8.87=264.9±386.5  (4.2min)
[step  60,000/200,000]  v_loss=350.161  q_loss=317.370  pi_loss=-96.522  eval@g=8.87=276.2±324.5  (6.3min)
[step  80,000/200,000]  v_loss=69.457  q_loss=353.441  pi_loss=-196.659  eval@g=8.87=210.3±194.9  (8.4min)
[step 100,000/200,000]  v_loss=496.997  q_loss=2907.022  pi_loss=-260.916  eval@g=8.87=252.4±255.2  (10.5min)
[step 120,000/200,000]  v_loss=1011.365  q_loss=6841.729  pi_loss=-247.152  eval@g=8.87=187.6±99.8  (12.6min)
[step 140,000/200,000]  v_loss=1206.803  q_loss=10385.008  pi_loss=-329.718  eval@g=8.87=192.7±178.1  (14.6min)
[step 160,000/200,000]  v_loss=2581.012  q_loss=11422.572  pi_loss=-199.543  eval@g=8.87=132.3±115.5  (16.6min)
[step 180,000/200,000]  v_loss=3467.196  q_loss=13277.266  pi_loss=-369.070  eval@g=8.87=110.4±129.4  (18.7min)
[step 200,000/200,000]  v_loss=3977.031  q_loss=11100.074  pi_loss=-375.654  eval@g=8.87=108.4±92.3  (20.7min)

Saved -> results/iql_v3_e1k_constLR/venus_target_only_N2048.pt

Final multi-gravity eval at g in [8.87]...
  g=8.87: 163.8 +/- 188.6
Saved -> results\iql_v3_e1k_constLR\venus_target_only_N2048.json
