EM result: target_g=8.87  N0=1024  weights=[1. 1. 1. 1. 1. 1. 1. 1. 1. 1.]
Loading target (data/venus_sac_replay_seed100.hdf5, N0=1024)...
  target_train: 1,024

Loading 10 sources at g=[1, 2, 3, 4, 5, 6, 7, 8, 9, 10]...
  g=1: 1,000,000
  g=2: 1,000,000
  g=3: 1,000,000
  g=4: 1,000,000
  g=5: 1,000,000
  g=6: 1,000,000
  g=7: 1,000,000
  g=8: 1,000,000
  g=9: 1,000,000
  g=10: 1,000,000

Sampling probabilities (target + 10 sources):
  p_target = 0.0001  (N_0=1024)
  p_g=1 = 0.1000  (w=1.0000, N=1,000,000)
  p_g=2 = 0.1000  (w=1.0000, N=1,000,000)
  p_g=3 = 0.1000  (w=1.0000, N=1,000,000)
  p_g=4 = 0.1000  (w=1.0000, N=1,000,000)
  p_g=5 = 0.1000  (w=1.0000, N=1,000,000)
  p_g=6 = 0.1000  (w=1.0000, N=1,000,000)
  p_g=7 = 0.1000  (w=1.0000, N=1,000,000)
  p_g=8 = 0.1000  (w=1.0000, N=1,000,000)
  p_g=9 = 0.1000  (w=1.0000, N=1,000,000)
  p_g=10 = 0.1000  (w=1.0000, N=1,000,000)

IQL training: 200,000 steps, batch=256, in-training eval g=8.87
[step  20,000/200,000]  v_loss=1.349  q_loss=11.752  pi_loss=10.373  eval@g=8.87=466.7±220.5  (1.9min)
[step  40,000/200,000]  v_loss=1.991  q_loss=15.570  pi_loss=6.768  eval@g=8.87=840.0±295.5  (3.9min)
[step  60,000/200,000]  v_loss=4.168  q_loss=26.617  pi_loss=-1.731  eval@g=8.87=881.2±423.0  (5.9min)
[step  80,000/200,000]  v_loss=3.458  q_loss=16.690  pi_loss=-0.913  eval@g=8.87=1233.7±673.1  (7.9min)
[step 100,000/200,000]  v_loss=2.566  q_loss=27.761  pi_loss=6.352  eval@g=8.87=1440.5±772.7  (9.9min)
[step 120,000/200,000]  v_loss=4.023  q_loss=21.889  pi_loss=-0.182  eval@g=8.87=1337.2±454.1  (11.9min)
[step 140,000/200,000]  v_loss=4.015  q_loss=16.549  pi_loss=-5.517  eval@g=8.87=1369.6±386.8  (13.9min)
[step 160,000/200,000]  v_loss=3.741  q_loss=30.113  pi_loss=-8.862  eval@g=8.87=1292.8±358.0  (15.9min)
[step 180,000/200,000]  v_loss=3.490  q_loss=12.966  pi_loss=3.067  eval@g=8.87=1229.3±434.6  (17.7min)
[step 200,000/200,000]  v_loss=3.574  q_loss=18.701  pi_loss=-0.920  eval@g=8.87=1473.2±419.5  (19.7min)

Saved -> results/iql_v3_e1k_constLR/venus_pool_N1024.pt

Final multi-gravity eval at g in [8.87]...
  g=8.87: 1335.6 +/- 473.2
Saved -> results\iql_v3_e1k_constLR\venus_pool_N1024.json
