EM result: target_g=8.87  N0=2048  weights=[1.74860310e-227 2.20815620e-251 1.35974861e-189 2.29248187e-199
 0.00000000e+000 2.72820142e-127 1.66419190e-139 1.32963202e-045
 9.99990312e-001 5.79586245e-069]
Loading target (data/venus_sac_replay_seed100.hdf5, N0=2048)...
  target_train: 2,048

Loading 10 sources at g=[1, 2, 3, 4, 5, 6, 7, 8, 9, 10]...
  g=1: 1,000,000
  g=2: 1,000,000
  g=3: 1,000,000
  g=4: 1,000,000
  g=5: 1,000,000
  g=6: 1,000,000
  g=7: 1,000,000
  g=8: 1,000,000
  g=9: 1,000,000
  g=10: 1,000,000

Sampling probabilities (target + 10 sources):
  p_target = 0.0020  (N_0=2048)
  p_g=1 = 0.0000  (w=0.0000, N=1,000,000)
  p_g=2 = 0.0000  (w=0.0000, N=1,000,000)
  p_g=3 = 0.0000  (w=0.0000, N=1,000,000)
  p_g=4 = 0.0000  (w=0.0000, N=1,000,000)
  p_g=5 = 0.0000  (w=0.0000, N=1,000,000)
  p_g=6 = 0.0000  (w=0.0000, N=1,000,000)
  p_g=7 = 0.0000  (w=0.0000, N=1,000,000)
  p_g=8 = 0.0000  (w=0.0000, N=1,000,000)
  p_g=9 = 0.9980  (w=1.0000, N=1,000,000)
  p_g=10 = 0.0000  (w=0.0000, N=1,000,000)

IQL training: 200,000 steps, batch=256, in-training eval g=8.87
[step  20,000/200,000]  v_loss=0.497  q_loss=4.974  pi_loss=-1.592  eval@g=8.87=1111.8±723.1  (2.2min)
[step  40,000/200,000]  v_loss=1.750  q_loss=10.306  pi_loss=-15.915  eval@g=8.87=2146.9±898.5  (4.4min)
[step  60,000/200,000]  v_loss=3.694  q_loss=6.335  pi_loss=-4.657  eval@g=8.87=1633.0±703.9  (6.6min)
[step  80,000/200,000]  v_loss=1.578  q_loss=50.227  pi_loss=-15.656  eval@g=8.87=2359.6±833.9  (8.8min)
[step 100,000/200,000]  v_loss=2.697  q_loss=12.177  pi_loss=-17.160  eval@g=8.87=2125.8±901.8  (11.0min)
[step 120,000/200,000]  v_loss=7.214  q_loss=57.338  pi_loss=-13.499  eval@g=8.87=2513.7±830.2  (13.2min)
[step 140,000/200,000]  v_loss=1.286  q_loss=7.338  pi_loss=-9.453  eval@g=8.87=2213.7±881.6  (15.4min)
[step 160,000/200,000]  v_loss=1.924  q_loss=5.720  pi_loss=-10.257  eval@g=8.87=2581.7±863.5  (17.7min)
[step 180,000/200,000]  v_loss=1.373  q_loss=4.660  pi_loss=-13.549  eval@g=8.87=2520.2±854.7  (19.9min)
[step 200,000/200,000]  v_loss=6.349  q_loss=44.192  pi_loss=-7.405  eval@g=8.87=2744.5±761.6  (22.2min)

Saved -> results/iql_v3_e1k_constLR/venus_correct_N2048.pt

Final multi-gravity eval at g in [8.87]...
  g=8.87: 2606.8 +/- 793.0
Saved -> results\iql_v3_e1k_constLR\venus_correct_N2048.json
