EM result: target_g=8.87  N0=1024  weights=[0. 0. 0. 0. 0. 0. 0. 0. 0. 0.]
Loading target (data/venus_sac_replay_seed100.hdf5, N0=1024)...
  target_train: 1,024

Loading 10 sources at g=[1, 2, 3, 4, 5, 6, 7, 8, 9, 10]...
  g=1: 1,000,000
  g=2: 1,000,000
  g=3: 1,000,000
  g=4: 1,000,000
  g=5: 1,000,000
  g=6: 1,000,000
  g=7: 1,000,000
  g=8: 1,000,000
  g=9: 1,000,000
  g=10: 1,000,000

Sampling probabilities (target + 10 sources):
  p_target = 1.0000  (N_0=1024)
  p_g=1 = 0.0000  (w=0.0000, N=1,000,000)
  p_g=2 = 0.0000  (w=0.0000, N=1,000,000)
  p_g=3 = 0.0000  (w=0.0000, N=1,000,000)
  p_g=4 = 0.0000  (w=0.0000, N=1,000,000)
  p_g=5 = 0.0000  (w=0.0000, N=1,000,000)
  p_g=6 = 0.0000  (w=0.0000, N=1,000,000)
  p_g=7 = 0.0000  (w=0.0000, N=1,000,000)
  p_g=8 = 0.0000  (w=0.0000, N=1,000,000)
  p_g=9 = 0.0000  (w=0.0000, N=1,000,000)
  p_g=10 = 0.0000  (w=0.0000, N=1,000,000)

IQL training: 200,000 steps, batch=256, in-training eval g=8.87
[step  20,000/200,000]  v_loss=4.775  q_loss=25.830  pi_loss=-25.190  eval@g=8.87=180.0±117.3  (1.9min)
[step  40,000/200,000]  v_loss=25.981  q_loss=177.209  pi_loss=-168.040  eval@g=8.87=209.6±136.6  (3.7min)
[step  60,000/200,000]  v_loss=321.775  q_loss=1977.344  pi_loss=-122.555  eval@g=8.87=156.3±105.8  (5.6min)
[step  80,000/200,000]  v_loss=553.969  q_loss=5247.026  pi_loss=-105.594  eval@g=8.87=114.6±109.2  (7.5min)
[step 100,000/200,000]  v_loss=1319.619  q_loss=12763.025  pi_loss=-360.081  eval@g=8.87=219.8±145.6  (9.4min)
[step 120,000/200,000]  v_loss=807.555  q_loss=3390.875  pi_loss=-436.971  eval@g=8.87=182.8±148.1  (11.4min)
[step 140,000/200,000]  v_loss=773.607  q_loss=5560.186  pi_loss=-318.041  eval@g=8.87=87.1±111.4  (13.3min)
[step 160,000/200,000]  v_loss=886.663  q_loss=3456.461  pi_loss=-393.521  eval@g=8.87=131.1±132.7  (15.2min)
[step 180,000/200,000]  v_loss=1086.466  q_loss=3701.320  pi_loss=-354.655  eval@g=8.87=136.6±120.1  (17.1min)
[step 200,000/200,000]  v_loss=996.061  q_loss=2499.250  pi_loss=-440.130  eval@g=8.87=173.7±161.1  (19.0min)

Saved -> results/iql_v3_e1k_constLR/venus_target_only_N1024.pt

Final multi-gravity eval at g in [8.87]...
  g=8.87: 179.3 +/- 125.4
Saved -> results\iql_v3_e1k_constLR\venus_target_only_N1024.json
