EM result: target_g=8.87  N0=512  weights=[0. 0. 0. 0. 0. 0. 0. 0. 0. 0.]
Loading target (data/venus_sac_replay_seed100.hdf5, N0=512)...
  target_train: 512

Loading 10 sources at g=[1, 2, 3, 4, 5, 6, 7, 8, 9, 10]...
  g=1: 1,000,000
  g=2: 1,000,000
  g=3: 1,000,000
  g=4: 1,000,000
  g=5: 1,000,000
  g=6: 1,000,000
  g=7: 1,000,000
  g=8: 1,000,000
  g=9: 1,000,000
  g=10: 1,000,000

Sampling probabilities (target + 10 sources):
  p_target = 1.0000  (N_0=512)
  p_g=1 = 0.0000  (w=0.0000, N=1,000,000)
  p_g=2 = 0.0000  (w=0.0000, N=1,000,000)
  p_g=3 = 0.0000  (w=0.0000, N=1,000,000)
  p_g=4 = 0.0000  (w=0.0000, N=1,000,000)
  p_g=5 = 0.0000  (w=0.0000, N=1,000,000)
  p_g=6 = 0.0000  (w=0.0000, N=1,000,000)
  p_g=7 = 0.0000  (w=0.0000, N=1,000,000)
  p_g=8 = 0.0000  (w=0.0000, N=1,000,000)
  p_g=9 = 0.0000  (w=0.0000, N=1,000,000)
  p_g=10 = 0.0000  (w=0.0000, N=1,000,000)

IQL training: 200,000 steps, batch=256, in-training eval g=8.87
[step  20,000/200,000]  v_loss=36.325  q_loss=198.322  pi_loss=-108.942  eval@g=8.87=310.0±149.8  (1.9min)
[step  40,000/200,000]  v_loss=25.391  q_loss=260.173  pi_loss=-301.221  eval@g=8.87=234.8±94.1  (3.9min)
[step  60,000/200,000]  v_loss=35.034  q_loss=177.608  pi_loss=-144.622  eval@g=8.87=220.2±44.4  (5.8min)
[step  80,000/200,000]  v_loss=61.422  q_loss=348.881  pi_loss=-250.145  eval@g=8.87=263.2±89.7  (7.8min)
[step 100,000/200,000]  v_loss=44.977  q_loss=251.102  pi_loss=-325.979  eval@g=8.87=217.4±85.8  (9.7min)
[step 120,000/200,000]  v_loss=44.399  q_loss=273.086  pi_loss=-556.112  eval@g=8.87=222.1±48.3  (11.9min)
[step 140,000/200,000]  v_loss=384.917  q_loss=2010.627  pi_loss=-661.379  eval@g=8.87=220.3±29.0  (13.9min)
[step 160,000/200,000]  v_loss=318.524  q_loss=982.720  pi_loss=-385.225  eval@g=8.87=209.7±62.1  (15.8min)
[step 180,000/200,000]  v_loss=17.886  q_loss=187.873  pi_loss=-387.227  eval@g=8.87=215.0±30.4  (17.6min)
[step 200,000/200,000]  v_loss=14.299  q_loss=73.590  pi_loss=-434.494  eval@g=8.87=220.8±48.4  (19.5min)

Saved -> results/iql_v3_e1k_lr1e5/venus_target_only_N512.pt

Final multi-gravity eval at g in [8.87]...
  g=8.87: 222.9 +/- 43.5
Saved -> results\iql_v3_e1k_lr1e5\venus_target_only_N512.json
