EM result: target_g=8.87  N0=256  weights=[8.05088303e-277 1.58806691e-236 7.70977256e-173 5.44097554e-258
 1.64788671e-172 7.74583565e-090 9.98492871e-001 9.04237390e-079
 5.06934839e-185 2.92184096e-214]
Loading target (data/venus_sac_replay_seed100.hdf5, N0=256)...
  target_train: 256

Loading 10 sources at g=[1, 2, 3, 4, 5, 6, 7, 8, 9, 10]...
  g=1: 1,000,000
  g=2: 1,000,000
  g=3: 1,000,000
  g=4: 1,000,000
  g=5: 1,000,000
  g=6: 1,000,000
  g=7: 1,000,000
  g=8: 1,000,000
  g=9: 1,000,000
  g=10: 1,000,000

Sampling probabilities (target + 10 sources):
  p_target = 0.0003  (N_0=256)
  p_g=1 = 0.0000  (w=0.0000, N=1,000,000)
  p_g=2 = 0.0000  (w=0.0000, N=1,000,000)
  p_g=3 = 0.0000  (w=0.0000, N=1,000,000)
  p_g=4 = 0.0000  (w=0.0000, N=1,000,000)
  p_g=5 = 0.0000  (w=0.0000, N=1,000,000)
  p_g=6 = 0.0000  (w=0.0000, N=1,000,000)
  p_g=7 = 0.9997  (w=0.9985, N=1,000,000)
  p_g=8 = 0.0000  (w=0.0000, N=1,000,000)
  p_g=9 = 0.0000  (w=0.0000, N=1,000,000)
  p_g=10 = 0.0000  (w=0.0000, N=1,000,000)

IQL training: 200,000 steps, batch=256, in-training eval g=8.87
[step  20,000/200,000]  v_loss=1.466  q_loss=7.136  pi_loss=0.425  eval@g=8.87=932.2±232.2  (2.1min)
[step  40,000/200,000]  v_loss=1.264  q_loss=7.013  pi_loss=-4.845  eval@g=8.87=1048.0±305.2  (4.3min)
[step  60,000/200,000]  v_loss=1.468  q_loss=9.810  pi_loss=-1.797  eval@g=8.87=2480.0±1044.8  (6.5min)
[step  80,000/200,000]  v_loss=3.318  q_loss=7.400  pi_loss=-1.307  eval@g=8.87=1260.4±776.3  (8.7min)
[step 100,000/200,000]  v_loss=3.676  q_loss=13.894  pi_loss=-3.814  eval@g=8.87=1411.0±813.3  (10.8min)
[step 120,000/200,000]  v_loss=1.801  q_loss=6.743  pi_loss=-11.049  eval@g=8.87=1915.8±1176.2  (13.0min)
[step 140,000/200,000]  v_loss=2.246  q_loss=7.837  pi_loss=-3.107  eval@g=8.87=1884.9±1099.2  (15.2min)
[step 160,000/200,000]  v_loss=0.904  q_loss=5.901  pi_loss=-5.114  eval@g=8.87=1286.7±898.9  (17.3min)
[step 180,000/200,000]  v_loss=1.668  q_loss=6.637  pi_loss=-4.853  eval@g=8.87=1481.6±898.1  (19.1min)
[step 200,000/200,000]  v_loss=1.670  q_loss=4.950  pi_loss=-10.314  eval@g=8.87=1643.5±1059.3  (21.1min)

Saved -> results/iql_v3_e1k_constLR/venus_correct_v2_N256.pt

Final multi-gravity eval at g in [8.87]...
  g=8.87: 1646.8 +/- 984.6
Saved -> results\iql_v3_e1k_constLR\venus_correct_v2_N256.json
