EM result: target_g=8.87  N0=2048  weights=[3.88898126e-217 7.21168964e-244 7.14700350e-180 5.84712277e-193
 0.00000000e+000 1.17771672e-148 1.61222279e-154 1.16146674e-042
 9.99953628e-001 1.43613767e-062]
Loading target (data/venus_sac_replay_seed100.hdf5, N0=2048)...
  target_train: 2,048

Loading 10 sources at g=[1, 2, 3, 4, 5, 6, 7, 8, 9, 10]...
  g=1: 1,000,000
  g=2: 1,000,000
  g=3: 1,000,000
  g=4: 1,000,000
  g=5: 1,000,000
  g=6: 1,000,000
  g=7: 1,000,000
  g=8: 1,000,000
  g=9: 1,000,000
  g=10: 1,000,000

Sampling probabilities (target + 10 sources):
  p_target = 0.0020  (N_0=2048)
  p_g=1 = 0.0000  (w=0.0000, N=1,000,000)
  p_g=2 = 0.0000  (w=0.0000, N=1,000,000)
  p_g=3 = 0.0000  (w=0.0000, N=1,000,000)
  p_g=4 = 0.0000  (w=0.0000, N=1,000,000)
  p_g=5 = 0.0000  (w=0.0000, N=1,000,000)
  p_g=6 = 0.0000  (w=0.0000, N=1,000,000)
  p_g=7 = 0.0000  (w=0.0000, N=1,000,000)
  p_g=8 = 0.0000  (w=0.0000, N=1,000,000)
  p_g=9 = 0.9980  (w=1.0000, N=1,000,000)
  p_g=10 = 0.0000  (w=0.0000, N=1,000,000)

IQL training: 200,000 steps, batch=256, in-training eval g=8.87
[step  20,000/200,000]  v_loss=0.497  q_loss=4.974  pi_loss=-1.592  eval@g=8.87=1111.8±723.1  (2.1min)
[step  40,000/200,000]  v_loss=1.750  q_loss=10.306  pi_loss=-15.915  eval@g=8.87=2146.9±898.5  (4.3min)
[step  60,000/200,000]  v_loss=3.694  q_loss=6.335  pi_loss=-4.657  eval@g=8.87=1633.0±703.9  (6.5min)
[step  80,000/200,000]  v_loss=1.583  q_loss=51.335  pi_loss=-15.527  eval@g=8.87=2414.4±788.2  (8.7min)
[step 100,000/200,000]  v_loss=3.566  q_loss=11.404  pi_loss=-3.439  eval@g=8.87=2667.1±775.1  (11.0min)
[step 120,000/200,000]  v_loss=2.691  q_loss=31.831  pi_loss=-4.043  eval@g=8.87=2512.0±853.9  (13.3min)
[step 140,000/200,000]  v_loss=2.999  q_loss=9.906  pi_loss=-5.669  eval@g=8.87=2374.6±880.0  (15.5min)
[step 160,000/200,000]  v_loss=9.332  q_loss=9.330  pi_loss=-6.512  eval@g=8.87=2720.4±844.8  (17.6min)
[step 180,000/200,000]  v_loss=10.578  q_loss=15.453  pi_loss=-4.045  eval@g=8.87=2739.7±723.9  (19.8min)
[step 200,000/200,000]  v_loss=1.967  q_loss=4.837  pi_loss=-2.752  eval@g=8.87=2847.8±710.5  (22.1min)

Saved -> results/iql_v3_e1k_constLR/venus_uniform_N2048.pt

Final multi-gravity eval at g in [8.87]...
  g=8.87: 2665.6 +/- 796.0
Saved -> results\iql_v3_e1k_constLR\venus_uniform_N2048.json
