EM result: target_g=8.87  N0=512  weights=[3.22668453e-265 2.90004874e-218 2.30950917e-165 9.53254913e-250
 1.15341343e-164 1.33681321e-084 9.99851768e-001 1.23524301e-081
 1.15531326e-164 2.51843478e-196]
Loading target (data/venus_sac_replay_seed100.hdf5, N0=512)...
  target_train: 512

Loading 10 sources at g=[1, 2, 3, 4, 5, 6, 7, 8, 9, 10]...
  g=1: 1,000,000
  g=2: 1,000,000
  g=3: 1,000,000
  g=4: 1,000,000
  g=5: 1,000,000
  g=6: 1,000,000
  g=7: 1,000,000
  g=8: 1,000,000
  g=9: 1,000,000
  g=10: 1,000,000

Sampling probabilities (target + 10 sources):
  p_target = 0.0005  (N_0=512)
  p_g=1 = 0.0000  (w=0.0000, N=1,000,000)
  p_g=2 = 0.0000  (w=0.0000, N=1,000,000)
  p_g=3 = 0.0000  (w=0.0000, N=1,000,000)
  p_g=4 = 0.0000  (w=0.0000, N=1,000,000)
  p_g=5 = 0.0000  (w=0.0000, N=1,000,000)
  p_g=6 = 0.0000  (w=0.0000, N=1,000,000)
  p_g=7 = 0.9995  (w=0.9999, N=1,000,000)
  p_g=8 = 0.0000  (w=0.0000, N=1,000,000)
  p_g=9 = 0.0000  (w=0.0000, N=1,000,000)
  p_g=10 = 0.0000  (w=0.0000, N=1,000,000)

IQL training: 200,000 steps, batch=256, in-training eval g=8.87
[step  20,000/200,000]  v_loss=1.431  q_loss=7.110  pi_loss=3.849  eval@g=8.87=769.2±143.4  (1.9min)
[step  40,000/200,000]  v_loss=0.781  q_loss=12.658  pi_loss=4.552  eval@g=8.87=795.2±136.4  (3.7min)
[step  60,000/200,000]  v_loss=1.600  q_loss=9.533  pi_loss=-6.115  eval@g=8.87=1515.4±648.3  (5.7min)
[step  80,000/200,000]  v_loss=1.305  q_loss=9.163  pi_loss=-3.423  eval@g=8.87=1077.5±510.1  (7.7min)
[step 100,000/200,000]  v_loss=3.309  q_loss=9.951  pi_loss=-1.132  eval@g=8.87=1361.3±821.5  (9.7min)
[step 120,000/200,000]  v_loss=1.664  q_loss=8.642  pi_loss=-9.771  eval@g=8.87=1475.8±1017.4  (11.7min)
[step 140,000/200,000]  v_loss=1.510  q_loss=5.188  pi_loss=-10.006  eval@g=8.87=2105.5±1180.8  (13.7min)
[step 160,000/200,000]  v_loss=1.658  q_loss=14.173  pi_loss=-10.529  eval@g=8.87=2352.3±1047.1  (15.8min)
[step 180,000/200,000]  v_loss=1.096  q_loss=8.875  pi_loss=-8.896  eval@g=8.87=1553.5±963.1  (17.8min)
[step 200,000/200,000]  v_loss=1.280  q_loss=412.499  pi_loss=-11.265  eval@g=8.87=2179.0±1119.3  (19.8min)

Saved -> results/iql_v3_e1k_constLR/venus_correct_v2_N512.pt

Final multi-gravity eval at g in [8.87]...
  g=8.87: 1760.0 +/- 1077.0
Saved -> results\iql_v3_e1k_constLR\venus_correct_v2_N512.json
