EM result: target_g=8.87  N0=2048  weights=[1. 1. 1. 1. 1. 1. 1. 1. 1. 1.]
Loading target (data/venus_sac_replay_seed100.hdf5, N0=2048)...
  target_train: 2,048

Loading 10 sources at g=[1, 2, 3, 4, 5, 6, 7, 8, 9, 10]...
  g=1: 1,000,000
  g=2: 1,000,000
  g=3: 1,000,000
  g=4: 1,000,000
  g=5: 1,000,000
  g=6: 1,000,000
  g=7: 1,000,000
  g=8: 1,000,000
  g=9: 1,000,000
  g=10: 1,000,000

Sampling probabilities (target + 10 sources):
  p_target = 0.0002  (N_0=2048)
  p_g=1 = 0.1000  (w=1.0000, N=1,000,000)
  p_g=2 = 0.1000  (w=1.0000, N=1,000,000)
  p_g=3 = 0.1000  (w=1.0000, N=1,000,000)
  p_g=4 = 0.1000  (w=1.0000, N=1,000,000)
  p_g=5 = 0.1000  (w=1.0000, N=1,000,000)
  p_g=6 = 0.1000  (w=1.0000, N=1,000,000)
  p_g=7 = 0.1000  (w=1.0000, N=1,000,000)
  p_g=8 = 0.1000  (w=1.0000, N=1,000,000)
  p_g=9 = 0.1000  (w=1.0000, N=1,000,000)
  p_g=10 = 0.1000  (w=1.0000, N=1,000,000)

IQL training: 200,000 steps, batch=256, in-training eval g=8.87
[step  20,000/200,000]  v_loss=1.049  q_loss=11.867  pi_loss=6.415  eval@g=8.87=585.3±202.6  (2.1min)
[step  40,000/200,000]  v_loss=2.580  q_loss=22.636  pi_loss=6.146  eval@g=8.87=836.5±170.2  (4.3min)
[step  60,000/200,000]  v_loss=2.124  q_loss=13.757  pi_loss=3.863  eval@g=8.87=795.1±213.1  (6.3min)
[step  80,000/200,000]  v_loss=10.174  q_loss=34.709  pi_loss=0.361  eval@g=8.87=1932.3±1014.1  (8.3min)
[step 100,000/200,000]  v_loss=3.872  q_loss=18.656  pi_loss=-3.845  eval@g=8.87=1521.9±513.4  (10.5min)
[step 120,000/200,000]  v_loss=3.572  q_loss=39.775  pi_loss=1.196  eval@g=8.87=1587.8±708.1  (12.7min)
[step 140,000/200,000]  v_loss=2.885  q_loss=11.478  pi_loss=1.665  eval@g=8.87=1217.1±314.1  (14.9min)
[step 160,000/200,000]  v_loss=3.169  q_loss=21.320  pi_loss=2.987  eval@g=8.87=1638.1±795.2  (17.2min)
[step 180,000/200,000]  v_loss=3.458  q_loss=30.616  pi_loss=-6.904  eval@g=8.87=1646.0±720.3  (19.3min)
[step 200,000/200,000]  v_loss=3.115  q_loss=11.655  pi_loss=-9.882  eval@g=8.87=1410.6±637.1  (21.5min)

Saved -> results/iql_v3_e1k_constLR/venus_pool_N2048.pt

Final multi-gravity eval at g in [8.87]...
  g=8.87: 1496.1 +/- 593.2
Saved -> results\iql_v3_e1k_constLR\venus_pool_N2048.json
