EM result: target_g=8.87  N0=128  weights=[0.01100921 0.01126861 0.01075944 0.01151844 0.01115428 0.0063267
 0.01118832 0.01097836 0.01010937 0.01073598]
Loading target (data/venus_sac_replay_seed100.hdf5, N0=128)...
  target_train: 128

Loading 10 sources at g=[1, 2, 3, 4, 5, 6, 7, 8, 9, 10]...
  g=1: 1,000,000
  g=2: 1,000,000
  g=3: 1,000,000
  g=4: 1,000,000
  g=5: 1,000,000
  g=6: 1,000,000
  g=7: 1,000,000
  g=8: 1,000,000
  g=9: 1,000,000
  g=10: 1,000,000

Sampling probabilities (target + 10 sources):
  p_target = 0.0012  (N_0=128)
  p_g=1 = 0.1047  (w=0.0110, N=1,000,000)
  p_g=2 = 0.1071  (w=0.0113, N=1,000,000)
  p_g=3 = 0.1023  (w=0.0108, N=1,000,000)
  p_g=4 = 0.1095  (w=0.0115, N=1,000,000)
  p_g=5 = 0.1061  (w=0.0112, N=1,000,000)
  p_g=6 = 0.0602  (w=0.0063, N=1,000,000)
  p_g=7 = 0.1064  (w=0.0112, N=1,000,000)
  p_g=8 = 0.1044  (w=0.0110, N=1,000,000)
  p_g=9 = 0.0961  (w=0.0101, N=1,000,000)
  p_g=10 = 0.1021  (w=0.0107, N=1,000,000)

IQL training: 200,000 steps, batch=256, in-training eval g=8.87
[step  20,000/200,000]  v_loss=1.304  q_loss=10.228  pi_loss=10.168  eval@g=8.87=613.9±172.5  (2.1min)
[step  40,000/200,000]  v_loss=3.768  q_loss=26.683  pi_loss=-9.752  eval@g=8.87=736.0±153.2  (4.1min)
[step  60,000/200,000]  v_loss=3.092  q_loss=28.897  pi_loss=-9.326  eval@g=8.87=817.9±207.4  (6.1min)
[step  80,000/200,000]  v_loss=3.237  q_loss=14.743  pi_loss=-3.102  eval@g=8.87=1691.4±893.5  (8.2min)
[step 100,000/200,000]  v_loss=4.428  q_loss=17.468  pi_loss=3.121  eval@g=8.87=1365.4±643.6  (10.3min)
[step 120,000/200,000]  v_loss=4.042  q_loss=20.359  pi_loss=3.219  eval@g=8.87=1146.7±478.8  (12.5min)
[step 140,000/200,000]  v_loss=3.014  q_loss=20.210  pi_loss=5.200  eval@g=8.87=1173.6±237.2  (14.6min)
[step 160,000/200,000]  v_loss=4.332  q_loss=25.499  pi_loss=-2.069  eval@g=8.87=1354.1±631.3  (16.8min)
[step 180,000/200,000]  v_loss=8.950  q_loss=18.674  pi_loss=-1.813  eval@g=8.87=1352.2±487.5  (18.9min)
[step 200,000/200,000]  v_loss=5.693  q_loss=21.580  pi_loss=7.505  eval@g=8.87=1380.2±428.9  (21.1min)

Saved -> results/iql_v3_e1k_constLR/venus_uniform_N128.pt

Final multi-gravity eval at g in [8.87]...
  g=8.87: 1283.3 +/- 478.2
Saved -> results\iql_v3_e1k_constLR\venus_uniform_N128.json
