EM result: target_g=8.87  N0=1024  weights=[1.98454335e-273 1.05654298e-285 1.44780926e-218 8.58314684e-232
 0.00000000e+000 5.87991912e-146 9.18153806e-138 3.74931614e-039
 9.99643120e-001 1.23779436e-056]
Loading target (data/venus_sac_replay_seed100.hdf5, N0=1024)...
  target_train: 1,024

Loading 10 sources at g=[1, 2, 3, 4, 5, 6, 7, 8, 9, 10]...
  g=1: 1,000,000
  g=2: 1,000,000
  g=3: 1,000,000
  g=4: 1,000,000
  g=5: 1,000,000
  g=6: 1,000,000
  g=7: 1,000,000
  g=8: 1,000,000
  g=9: 1,000,000
  g=10: 1,000,000

Sampling probabilities (target + 10 sources):
  p_target = 0.0010  (N_0=1024)
  p_g=1 = 0.0000  (w=0.0000, N=1,000,000)
  p_g=2 = 0.0000  (w=0.0000, N=1,000,000)
  p_g=3 = 0.0000  (w=0.0000, N=1,000,000)
  p_g=4 = 0.0000  (w=0.0000, N=1,000,000)
  p_g=5 = 0.0000  (w=0.0000, N=1,000,000)
  p_g=6 = 0.0000  (w=0.0000, N=1,000,000)
  p_g=7 = 0.0000  (w=0.0000, N=1,000,000)
  p_g=8 = 0.0000  (w=0.0000, N=1,000,000)
  p_g=9 = 0.9990  (w=0.9996, N=1,000,000)
  p_g=10 = 0.0000  (w=0.0000, N=1,000,000)

IQL training: 200,000 steps, batch=256, in-training eval g=8.87
[step  20,000/200,000]  v_loss=0.585  q_loss=5.094  pi_loss=-0.541  eval@g=8.87=1257.0±566.5  (2.0min)
[step  40,000/200,000]  v_loss=3.044  q_loss=11.132  pi_loss=-2.819  eval@g=8.87=2247.7±936.3  (4.3min)
[step  60,000/200,000]  v_loss=2.111  q_loss=14.491  pi_loss=-4.895  eval@g=8.87=2623.4±882.4  (6.6min)
[step  80,000/200,000]  v_loss=3.236  q_loss=18.373  pi_loss=-2.513  eval@g=8.87=2310.0±725.7  (8.9min)
[step 100,000/200,000]  v_loss=12.571  q_loss=12.025  pi_loss=-13.234  eval@g=8.87=2661.8±645.4  (11.2min)
[step 120,000/200,000]  v_loss=1.424  q_loss=10.603  pi_loss=1.816  eval@g=8.87=2262.0±830.1  (13.4min)
[step 140,000/200,000]  v_loss=3.225  q_loss=11.844  pi_loss=-1.940  eval@g=8.87=2791.0±695.2  (15.6min)
[step 160,000/200,000]  v_loss=1.401  q_loss=6.643  pi_loss=-2.078  eval@g=8.87=2631.7±794.3  (17.8min)
[step 180,000/200,000]  v_loss=7.936  q_loss=8.619  pi_loss=-10.194  eval@g=8.87=2490.9±917.3  (20.1min)
[step 200,000/200,000]  v_loss=4.691  q_loss=4.198  pi_loss=-9.500  eval@g=8.87=2502.3±719.1  (22.4min)

Saved -> results/iql_v3_e1k_constLR/venus_correct_v2_N1024.pt

Final multi-gravity eval at g in [8.87]...
  g=8.87: 2635.9 +/- 793.8
Saved -> results\iql_v3_e1k_constLR\venus_correct_v2_N1024.json
